mode: atomic
github.com/anatolykoptev/go-media/extract/instagram/extractor.go:29.45,31.2 1 0
github.com/anatolykoptev/go-media/extract/instagram/extractor.go:33.35,33.57 1 0
github.com/anatolykoptev/go-media/extract/instagram/extractor.go:35.44,37.2 1 6
github.com/anatolykoptev/go-media/extract/instagram/extractor.go:39.87,41.16 2 0
github.com/anatolykoptev/go-media/extract/instagram/extractor.go:41.16,43.3 1 0
github.com/anatolykoptev/go-media/extract/instagram/extractor.go:45.2,46.23 2 0
github.com/anatolykoptev/go-media/extract/instagram/extractor.go:46.23,48.3 1 0
github.com/anatolykoptev/go-media/extract/instagram/extractor.go:48.8,50.3 1 0
github.com/anatolykoptev/go-media/extract/instagram/extractor.go:51.2,51.16 1 0
github.com/anatolykoptev/go-media/extract/instagram/extractor.go:51.16,53.3 1 0
github.com/anatolykoptev/go-media/extract/instagram/extractor.go:55.2,55.45 1 0
github.com/anatolykoptev/go-media/extract/instagram/extractor.go:55.45,57.3 1 0
github.com/anatolykoptev/go-media/extract/instagram/extractor.go:59.2,69.32 3 0
github.com/anatolykoptev/go-media/extract/instagram/extractor.go:69.32,71.33 2 0
github.com/anatolykoptev/go-media/extract/instagram/extractor.go:71.33,73.4 1 0
github.com/anatolykoptev/go-media/extract/instagram/extractor.go:77.2,83.16 3 0
github.com/anatolykoptev/go-media/extract/instagram/extractor.go:83.16,85.3 1 0
github.com/anatolykoptev/go-media/extract/instagram/extractor.go:86.2,88.26 2 0
github.com/anatolykoptev/go-media/extract/instagram/extractor.go:88.26,90.33 2 0
github.com/anatolykoptev/go-media/extract/instagram/extractor.go:90.33,96.4 1 0
github.com/anatolykoptev/go-media/extract/instagram/extractor.go:99.2,99.15 1 0
github.com/anatolykoptev/go-media/extract/instagram/extractor.go:103.83,105.14 2 5
github.com/anatolykoptev/go-media/extract/instagram/extractor.go:105.14,107.3 1 2
github.com/anatolykoptev/go-media/extract/instagram/extractor.go:109.2,109.16 1 3
github.com/anatolykoptev/go-media/extract/instagram/extractor.go:109.16,111.3 1 2
github.com/anatolykoptev/go-media/extract/instagram/extractor.go:112.2,112.30 1 1
github.com/anatolykoptev/go-media/extract/instagram/extractor.go:112.30,114.3 1 1
github.com/anatolykoptev/go-media/extract/instagram/extractor.go:116.2,116.71 1 0
github.com/anatolykoptev/go-media/transcribe/gostt/transcriber.go:23.59,27.2 1 4
github.com/anatolykoptev/go-media/transcribe/gostt/transcriber.go:29.103,31.16 2 2
github.com/anatolykoptev/go-media/transcribe/gostt/transcriber.go:31.16,33.3 1 1
github.com/anatolykoptev/go-media/transcribe/gostt/transcriber.go:34.2,38.8 1 1
github.com/anatolykoptev/go-media/transcribe/gostt/transcriber.go:41.40,43.2 1 2
github.com/anatolykoptev/go-media/transcribe/openai/transcriber.go:38.36,39.30 1 1
github.com/anatolykoptev/go-media/transcribe/openai/transcriber.go:39.30,39.48 1 1
github.com/anatolykoptev/go-media/transcribe/openai/transcriber.go:43.37,44.30 1 0
github.com/anatolykoptev/go-media/transcribe/openai/transcriber.go:44.30,44.49 1 0
github.com/anatolykoptev/go-media/transcribe/openai/transcriber.go:48.39,49.30 1 0
github.com/anatolykoptev/go-media/transcribe/openai/transcriber.go:49.30,49.51 1 0
github.com/anatolykoptev/go-media/transcribe/openai/transcriber.go:54.55,62.25 2 5
github.com/anatolykoptev/go-media/transcribe/openai/transcriber.go:62.25,64.3 1 1
github.com/anatolykoptev/go-media/transcribe/openai/transcriber.go:65.2,65.10 1 5
github.com/anatolykoptev/go-media/transcribe/openai/transcriber.go:68.103,70.16 2 3
github.com/anatolykoptev/go-media/transcribe/openai/transcriber.go:70.16,72.3 1 0
github.com/anatolykoptev/go-media/transcribe/openai/transcriber.go:73.2,79.16 5 3
github.com/anatolykoptev/go-media/transcribe/openai/transcriber.go:79.16,81.3 1 0
github.com/anatolykoptev/go-media/transcribe/openai/transcriber.go:82.2,82.44 1 3
github.com/anatolykoptev/go-media/transcribe/openai/transcriber.go:82.44,84.3 1 0
github.com/anatolykoptev/go-media/transcribe/openai/transcriber.go:86.2,88.22 3 3
github.com/anatolykoptev/go-media/transcribe/openai/transcriber.go:88.22,90.3 1 0
github.com/anatolykoptev/go-media/transcribe/openai/transcriber.go:91.2,95.16 4 3
github.com/anatolykoptev/go-media/transcribe/openai/transcriber.go:95.16,97.3 1 0
github.com/anatolykoptev/go-media/transcribe/openai/transcriber.go:98.2,99.20 2 3
github.com/anatolykoptev/go-media/transcribe/openai/transcriber.go:99.20,101.3 1 1
github.com/anatolykoptev/go-media/transcribe/openai/transcriber.go:103.2,104.16 2 3
github.com/anatolykoptev/go-media/transcribe/openai/transcriber.go:104.16,106.3 1 0
github.com/anatolykoptev/go-media/transcribe/openai/transcriber.go:107.2,110.16 3 3
github.com/anatolykoptev/go-media/transcribe/openai/transcriber.go:110.16,112.3 1 0
github.com/anatolykoptev/go-media/transcribe/openai/transcriber.go:114.2,114.38 1 3
github.com/anatolykoptev/go-media/transcribe/openai/transcriber.go:114.38,116.3 1 1
github.com/anatolykoptev/go-media/transcribe/openai/transcriber.go:118.2,123.58 2 2
github.com/anatolykoptev/go-media/transcribe/openai/transcriber.go:123.58,125.3 1 0
github.com/anatolykoptev/go-media/transcribe/openai/transcriber.go:127.2,131.8 1 2
github.com/anatolykoptev/go-media/transcribe/openai/transcriber.go:134.40,135.21 1 2
github.com/anatolykoptev/go-media/transcribe/openai/transcriber.go:135.21,137.3 1 1
github.com/anatolykoptev/go-media/transcribe/openai/transcriber.go:138.2,143.16 5 1
github.com/anatolykoptev/go-media/transcribe/openai/transcriber.go:143.16,145.3 1 0
github.com/anatolykoptev/go-media/transcribe/openai/transcriber.go:146.2,147.16 2 1
github.com/anatolykoptev/go-media/transcribe/openai/transcriber.go:147.16,149.3 1 0
github.com/anatolykoptev/go-media/transcribe/openai/transcriber.go:150.2,151.41 2 1
github.com/anatolykoptev/go-media/extract/youtube/extractor.go:57.33,62.25 2 2
github.com/anatolykoptev/go-media/extract/youtube/extractor.go:62.25,64.3 1 1
github.com/anatolykoptev/go-media/extract/youtube/extractor.go:65.2,65.28 1 2
github.com/anatolykoptev/go-media/extract/youtube/extractor.go:65.28,67.3 1 0
github.com/anatolykoptev/go-media/extract/youtube/extractor.go:68.2,68.10 1 2
github.com/anatolykoptev/go-media/extract/youtube/extractor.go:72.35,72.55 1 0
github.com/anatolykoptev/go-media/extract/youtube/extractor.go:75.47,77.2 1 12
github.com/anatolykoptev/go-media/extract/youtube/extractor.go:83.87,85.16 2 2
github.com/anatolykoptev/go-media/extract/youtube/extractor.go:85.16,87.3 1 0
github.com/anatolykoptev/go-media/extract/youtube/extractor.go:90.2,91.16 2 2
github.com/anatolykoptev/go-media/extract/youtube/extractor.go:91.16,94.3 2 0
github.com/anatolykoptev/go-media/extract/youtube/extractor.go:97.2,97.19 1 2
github.com/anatolykoptev/go-media/extract/youtube/extractor.go:97.19,99.20 2 1
github.com/anatolykoptev/go-media/extract/youtube/extractor.go:99.20,101.4 1 0
github.com/anatolykoptev/go-media/extract/youtube/extractor.go:101.9,103.20 2 1
github.com/anatolykoptev/go-media/extract/youtube/extractor.go:103.20,105.5 1 0
github.com/anatolykoptev/go-media/extract/youtube/extractor.go:106.4,106.49 1 1
github.com/anatolykoptev/go-media/extract/youtube/extractor.go:111.2,111.17 1 2
github.com/anatolykoptev/go-media/extract/youtube/extractor.go:111.17,113.19 2 0
github.com/anatolykoptev/go-media/extract/youtube/extractor.go:113.19,115.4 1 0
github.com/anatolykoptev/go-media/extract/youtube/extractor.go:116.3,116.41 1 0
github.com/anatolykoptev/go-media/extract/youtube/extractor.go:119.2,119.65 1 2
github.com/anatolykoptev/go-media/extract/youtube/extractor.go:123.69,125.15 2 1
github.com/anatolykoptev/go-media/extract/youtube/extractor.go:125.15,127.3 1 1
github.com/anatolykoptev/go-media/extract/youtube/extractor.go:128.2,128.48 1 1
github.com/anatolykoptev/go-media/extract/youtube/extractor.go:128.48,130.3 1 0
github.com/anatolykoptev/go-media/extract/youtube/extractor.go:131.2,131.59 1 1
github.com/anatolykoptev/go-media/extract/youtube/extractor.go:135.50,137.16 2 13
github.com/anatolykoptev/go-media/extract/youtube/extractor.go:137.16,139.3 1 0
github.com/anatolykoptev/go-media/extract/youtube/extractor.go:141.2,143.9 2 13
github.com/anatolykoptev/go-media/extract/youtube/extractor.go:144.56,146.39 1 1
github.com/anatolykoptev/go-media/extract/youtube/extractor.go:148.47,150.10 2 10
github.com/anatolykoptev/go-media/extract/youtube/extractor.go:151.42,152.27 1 7
github.com/anatolykoptev/go-media/extract/youtube/extractor.go:153.44,154.45 1 2
github.com/anatolykoptev/go-media/extract/youtube/extractor.go:155.43,156.44 1 1
github.com/anatolykoptev/go-media/extract/youtube/extractor.go:161.2,163.14 2 13
github.com/anatolykoptev/go-media/extract/youtube/extractor.go:163.14,165.3 1 3
github.com/anatolykoptev/go-media/extract/youtube/extractor.go:167.2,167.37 1 10
github.com/anatolykoptev/go-media/extract/youtube/extractor.go:167.37,169.3 1 0
github.com/anatolykoptev/go-media/extract/youtube/extractor.go:171.2,171.16 1 10
github.com/anatolykoptev/go-media/extract/youtube/kkdai.go:20.106,24.16 3 2
github.com/anatolykoptev/go-media/extract/youtube/kkdai.go:24.16,26.3 1 2
github.com/anatolykoptev/go-media/extract/youtube/kkdai.go:28.2,41.77 3 0
github.com/anatolykoptev/go-media/extract/youtube/kkdai.go:41.77,43.3 1 0
github.com/anatolykoptev/go-media/extract/youtube/kkdai.go:46.2,46.74 1 0
github.com/anatolykoptev/go-media/extract/youtube/kkdai.go:46.74,48.3 1 0
github.com/anatolykoptev/go-media/extract/youtube/kkdai.go:50.2,50.15 1 0
github.com/anatolykoptev/go-media/extract/youtube/kkdai.go:60.9,63.38 1 0
github.com/anatolykoptev/go-media/extract/youtube/kkdai.go:63.38,65.4 1 0
github.com/anatolykoptev/go-media/extract/youtube/kkdai.go:67.2,68.9 2 0
github.com/anatolykoptev/go-media/extract/youtube/kkdai.go:68.9,70.3 1 0
github.com/anatolykoptev/go-media/extract/youtube/kkdai.go:72.2,73.16 2 0
github.com/anatolykoptev/go-media/extract/youtube/kkdai.go:73.16,75.3 1 0
github.com/anatolykoptev/go-media/extract/youtube/kkdai.go:77.2,79.12 2 0
github.com/anatolykoptev/go-media/extract/youtube/kkdai.go:89.9,93.38 1 0
github.com/anatolykoptev/go-media/extract/youtube/kkdai.go:93.38,95.4 1 0
github.com/anatolykoptev/go-media/extract/youtube/kkdai.go:97.2,98.9 2 0
github.com/anatolykoptev/go-media/extract/youtube/kkdai.go:98.9,100.3 1 0
github.com/anatolykoptev/go-media/extract/youtube/kkdai.go:102.2,103.16 2 0
github.com/anatolykoptev/go-media/extract/youtube/kkdai.go:103.16,105.3 1 0
github.com/anatolykoptev/go-media/extract/youtube/kkdai.go:108.2,108.64 1 0
github.com/anatolykoptev/go-media/extract/youtube/kkdai.go:108.64,110.3 1 0
github.com/anatolykoptev/go-media/extract/youtube/kkdai.go:112.2,113.9 2 0
github.com/anatolykoptev/go-media/extract/youtube/kkdai.go:113.9,115.3 1 0
github.com/anatolykoptev/go-media/extract/youtube/kkdai.go:117.2,118.16 2 0
github.com/anatolykoptev/go-media/extract/youtube/kkdai.go:118.16,120.3 1 0
github.com/anatolykoptev/go-media/extract/youtube/kkdai.go:122.2,125.12 3 0
github.com/anatolykoptev/go-media/extract/youtube/kkdai.go:129.86,130.23 1 0
github.com/anatolykoptev/go-media/extract/youtube/kkdai.go:130.23,132.3 1 0
github.com/anatolykoptev/go-media/extract/youtube/kkdai.go:134.2,136.28 2 0
github.com/anatolykoptev/go-media/extract/youtube/kkdai.go:136.28,137.46 1 0
github.com/anatolykoptev/go-media/extract/youtube/kkdai.go:137.46,139.4 1 0
github.com/anatolykoptev/go-media/extract/youtube/kkdai.go:142.2,142.26 1 0
github.com/anatolykoptev/go-media/extract/youtube/kkdai.go:142.26,144.3 1 0
github.com/anatolykoptev/go-media/extract/youtube/kkdai.go:146.2,146.45 1 0
github.com/anatolykoptev/go-media/extract/youtube/kkdai.go:146.45,147.51 1 0
github.com/anatolykoptev/go-media/extract/youtube/kkdai.go:147.51,149.4 1 0
github.com/anatolykoptev/go-media/extract/youtube/kkdai.go:150.3,150.55 1 0
github.com/anatolykoptev/go-media/extract/youtube/kkdai.go:153.2,153.28 1 0
github.com/anatolykoptev/go-media/extract/youtube/kkdai.go:157.71,158.23 1 0
github.com/anatolykoptev/go-media/extract/youtube/kkdai.go:158.23,160.3 1 0
github.com/anatolykoptev/go-media/extract/youtube/kkdai.go:162.2,163.32 2 0
github.com/anatolykoptev/go-media/extract/youtube/kkdai.go:163.32,164.31 1 0
github.com/anatolykoptev/go-media/extract/youtube/kkdai.go:164.31,166.4 1 0
github.com/anatolykoptev/go-media/extract/youtube/kkdai.go:169.2,169.19 1 0
github.com/anatolykoptev/go-media/extract/youtube/kkdai.go:173.65,176.28 2 0
github.com/anatolykoptev/go-media/extract/youtube/kkdai.go:176.28,177.36 1 0
github.com/anatolykoptev/go-media/extract/youtube/kkdai.go:177.36,178.12 1 0
github.com/anatolykoptev/go-media/extract/youtube/kkdai.go:181.3,186.5 1 0
github.com/anatolykoptev/go-media/extract/youtube/kkdai.go:189.2,189.18 1 0
github.com/anatolykoptev/go-media/extract/youtube/oxbrowser.go:63.89,71.16 3 0
github.com/anatolykoptev/go-media/extract/youtube/oxbrowser.go:71.16,73.3 1 0
github.com/anatolykoptev/go-media/extract/youtube/oxbrowser.go:74.2,77.15 3 0
github.com/anatolykoptev/go-media/extract/youtube/oxbrowser.go:77.15,79.3 1 0
github.com/anatolykoptev/go-media/extract/youtube/oxbrowser.go:80.2,81.16 2 0
github.com/anatolykoptev/go-media/extract/youtube/oxbrowser.go:81.16,83.3 1 0
github.com/anatolykoptev/go-media/extract/youtube/oxbrowser.go:84.2,86.46 2 0
github.com/anatolykoptev/go-media/extract/youtube/oxbrowser.go:86.46,90.3 3 0
github.com/anatolykoptev/go-media/extract/youtube/oxbrowser.go:92.2,93.63 2 0
github.com/anatolykoptev/go-media/extract/youtube/oxbrowser.go:93.63,95.3 1 0
github.com/anatolykoptev/go-media/extract/youtube/oxbrowser.go:96.2,96.24 1 0
github.com/anatolykoptev/go-media/extract/youtube/oxbrowser.go:96.24,98.3 1 0
github.com/anatolykoptev/go-media/extract/youtube/oxbrowser.go:100.2,100.39 1 0
github.com/anatolykoptev/go-media/extract/youtube/oxbrowser.go:104.74,114.27 2 2
github.com/anatolykoptev/go-media/extract/youtube/oxbrowser.go:114.27,116.3 1 1
github.com/anatolykoptev/go-media/extract/youtube/oxbrowser.go:117.2,117.21 1 2
github.com/anatolykoptev/go-media/extract/youtube/oxbrowser.go:117.21,118.28 1 1
github.com/anatolykoptev/go-media/extract/youtube/oxbrowser.go:118.28,120.4 1 1
github.com/anatolykoptev/go-media/extract/youtube/oxbrowser.go:121.3,121.28 1 1
github.com/anatolykoptev/go-media/extract/youtube/oxbrowser.go:121.28,123.4 1 0
github.com/anatolykoptev/go-media/extract/youtube/oxbrowser.go:124.3,124.31 1 1
github.com/anatolykoptev/go-media/extract/youtube/oxbrowser.go:124.31,126.4 1 0
github.com/anatolykoptev/go-media/extract/youtube/oxbrowser.go:128.2,128.23 1 2
github.com/anatolykoptev/go-media/extract/youtube/oxbrowser.go:128.23,135.3 2 1
github.com/anatolykoptev/go-media/extract/youtube/oxbrowser.go:137.2,137.10 1 2
github.com/anatolykoptev/go-media/extract/youtube/ytdlp.go:44.25,48.16 3 1
github.com/anatolykoptev/go-media/extract/youtube/ytdlp.go:48.16,50.3 1 1
github.com/anatolykoptev/go-media/extract/youtube/ytdlp.go:51.2,51.26 1 0
github.com/anatolykoptev/go-media/extract/youtube/ytdlp.go:51.26,53.3 1 0
github.com/anatolykoptev/go-media/extract/youtube/ytdlp.go:55.2,62.60 3 0
github.com/anatolykoptev/go-media/extract/youtube/ytdlp.go:62.60,67.3 1 0
github.com/anatolykoptev/go-media/extract/youtube/ytdlp.go:69.2,69.15 1 0
github.com/anatolykoptev/go-media/extract/youtube/ytdlp.go:73.83,81.24 2 1
github.com/anatolykoptev/go-media/extract/youtube/ytdlp.go:81.24,83.3 1 1
github.com/anatolykoptev/go-media/extract/youtube/ytdlp.go:85.2,85.27 1 1
github.com/anatolykoptev/go-media/extract/youtube/ytdlp.go:85.27,87.3 1 0
github.com/anatolykoptev/go-media/extract/youtube/ytdlp.go:89.2,89.21 1 1
github.com/anatolykoptev/go-media/extract/youtube/ytdlp.go:89.21,91.3 1 0
github.com/anatolykoptev/go-media/extract/youtube/ytdlp.go:93.2,93.12 1 1
github.com/anatolykoptev/go-media/extract/youtube/ytdlp.go:100.80,102.16 2 0
github.com/anatolykoptev/go-media/extract/youtube/ytdlp.go:102.16,104.3 1 0
github.com/anatolykoptev/go-media/extract/youtube/ytdlp.go:105.2,108.52 3 0
github.com/anatolykoptev/go-media/extract/youtube/ytdlp.go:108.52,110.3 1 0
github.com/anatolykoptev/go-media/extract/youtube/ytdlp.go:112.2,115.26 3 0
github.com/anatolykoptev/go-media/extract/youtube/ytdlp.go:115.26,117.3 1 0
github.com/anatolykoptev/go-media/extract/youtube/ytdlp.go:119.2,119.23 1 0
github.com/anatolykoptev/go-media/extract/youtube/ytdlp.go:119.23,121.3 1 0
github.com/anatolykoptev/go-media/extract/youtube/ytdlp.go:123.2,123.26 1 0
github.com/anatolykoptev/go-media/extract/youtube/ytdlp.go:123.26,125.3 1 0
github.com/anatolykoptev/go-media/extract/youtube/ytdlp.go:127.2,128.27 2 0
github.com/anatolykoptev/go-media/extract/youtube/ytdlp.go:128.27,130.3 1 0
github.com/anatolykoptev/go-media/extract/youtube/ytdlp.go:131.2,131.27 1 0
github.com/anatolykoptev/go-media/extract/youtube/ytdlp.go:131.27,133.3 1 0
github.com/anatolykoptev/go-media/extract/youtube/ytdlp.go:134.2,134.30 1 0
github.com/anatolykoptev/go-media/extract/youtube/ytdlp.go:134.30,136.3 1 0
github.com/anatolykoptev/go-media/extract/youtube/ytdlp.go:138.2,138.12 1 0
github.com/anatolykoptev/go-media/audio.go:14.67,24.16 4 3
github.com/anatolykoptev/go-media/audio.go:24.16,26.3 1 1
github.com/anatolykoptev/go-media/audio.go:28.2,29.82 2 2
github.com/anatolykoptev/go-media/audio.go:29.82,31.3 1 0
github.com/anatolykoptev/go-media/audio.go:32.2,32.26 1 2
github.com/anatolykoptev/go-media/audio.go:37.109,55.34 6 1
github.com/anatolykoptev/go-media/audio.go:55.34,57.3 1 0
github.com/anatolykoptev/go-media/audio.go:58.2,58.12 1 1
github.com/anatolykoptev/go-media/audio.go:63.90,77.34 6 0
github.com/anatolykoptev/go-media/audio.go:77.34,79.3 1 0
github.com/anatolykoptev/go-media/audio.go:80.2,80.12 1 0
github.com/anatolykoptev/go-media/audio.go:88.126,89.14 1 2
github.com/anatolykoptev/go-media/audio.go:89.14,91.3 1 1
github.com/anatolykoptev/go-media/audio.go:92.2,92.20 1 1
github.com/anatolykoptev/go-media/audio.go:92.20,94.3 1 1
github.com/anatolykoptev/go-media/audio.go:96.2,98.16 3 0
github.com/anatolykoptev/go-media/audio.go:98.16,100.3 1 0
github.com/anatolykoptev/go-media/audio.go:101.2,101.19 1 0
github.com/anatolykoptev/go-media/audio.go:101.19,103.3 1 0
github.com/anatolykoptev/go-media/audio.go:105.2,113.62 7 0
github.com/anatolykoptev/go-media/audio.go:113.62,116.93 2 0
github.com/anatolykoptev/go-media/audio.go:116.93,119.12 3 0
github.com/anatolykoptev/go-media/audio.go:122.3,123.19 2 0
github.com/anatolykoptev/go-media/audio.go:123.19,126.12 3 0
github.com/anatolykoptev/go-media/audio.go:129.3,130.20 2 0
github.com/anatolykoptev/go-media/audio.go:130.20,132.4 1 0
github.com/anatolykoptev/go-media/audio.go:133.3,135.17 2 0
github.com/anatolykoptev/go-media/audio.go:135.17,136.12 1 0
github.com/anatolykoptev/go-media/audio.go:139.3,144.30 2 0
github.com/anatolykoptev/go-media/audio.go:147.2,147.21 1 0
github.com/anatolykoptev/go-media/audio.go:147.21,149.3 1 0
github.com/anatolykoptev/go-media/audio.go:151.2,158.22 2 0
github.com/anatolykoptev/go-media/audio.go:158.22,160.3 1 0
github.com/anatolykoptev/go-media/audio.go:162.2,162.16 1 0
github.com/anatolykoptev/go-media/audio.go:165.31,166.16 1 0
github.com/anatolykoptev/go-media/audio.go:166.16,168.3 1 0
github.com/anatolykoptev/go-media/clip.go:15.68,16.23 1 6
github.com/anatolykoptev/go-media/clip.go:16.23,18.3 1 0
github.com/anatolykoptev/go-media/clip.go:19.2,20.22 2 6
github.com/anatolykoptev/go-media/clip.go:20.22,22.3 1 0
github.com/anatolykoptev/go-media/clip.go:23.2,24.44 1 6
github.com/anatolykoptev/go-media/clip.go:31.106,36.19 4 8
github.com/anatolykoptev/go-media/clip.go:36.19,38.3 1 2
github.com/anatolykoptev/go-media/clip.go:40.2,54.34 5 6
github.com/anatolykoptev/go-media/clip.go:54.34,56.3 1 0
github.com/anatolykoptev/go-media/clip.go:57.2,57.12 1 6
github.com/anatolykoptev/go-media/clip.go:65.152,73.28 6 3
github.com/anatolykoptev/go-media/clip.go:73.28,74.39 1 6
github.com/anatolykoptev/go-media/clip.go:74.39,75.12 1 1
github.com/anatolykoptev/go-media/clip.go:79.3,80.20 2 5
github.com/anatolykoptev/go-media/clip.go:80.20,82.4 1 1
github.com/anatolykoptev/go-media/clip.go:83.3,84.51 2 5
github.com/anatolykoptev/go-media/clip.go:84.51,86.4 1 1
github.com/anatolykoptev/go-media/clip.go:88.3,89.88 2 5
github.com/anatolykoptev/go-media/clip.go:89.88,92.12 3 0
github.com/anatolykoptev/go-media/clip.go:94.3,99.5 1 5
github.com/anatolykoptev/go-media/clip.go:102.2,102.22 1 3
github.com/anatolykoptev/go-media/download.go:17.100,22.16 4 7
github.com/anatolykoptev/go-media/download.go:22.16,24.3 1 0
github.com/anatolykoptev/go-media/download.go:25.2,28.16 3 7
github.com/anatolykoptev/go-media/download.go:28.16,30.3 1 0
github.com/anatolykoptev/go-media/download.go:31.2,33.38 2 7
github.com/anatolykoptev/go-media/download.go:33.38,35.3 1 2
github.com/anatolykoptev/go-media/download.go:38.2,38.49 1 5
github.com/anatolykoptev/go-media/download.go:38.49,40.3 1 1
github.com/anatolykoptev/go-media/download.go:42.2,43.16 2 4
github.com/anatolykoptev/go-media/download.go:43.16,45.3 1 0
github.com/anatolykoptev/go-media/download.go:48.2,49.15 2 4
github.com/anatolykoptev/go-media/download.go:49.15,51.15 2 4
github.com/anatolykoptev/go-media/download.go:51.15,53.4 1 1
github.com/anatolykoptev/go-media/download.go:56.2,57.17 2 4
github.com/anatolykoptev/go-media/download.go:57.17,59.3 1 1
github.com/anatolykoptev/go-media/download.go:61.2,62.16 2 4
github.com/anatolykoptev/go-media/download.go:62.16,64.3 1 0
github.com/anatolykoptev/go-media/download.go:66.2,66.38 1 4
github.com/anatolykoptev/go-media/download.go:66.38,68.3 1 1
github.com/anatolykoptev/go-media/download.go:70.2,71.12 2 3
github.com/anatolykoptev/go-media/extractor.go:24.30,26.2 1 12
github.com/anatolykoptev/go-media/extractor.go:29.42,31.2 1 13
github.com/anatolykoptev/go-media/extractor.go:35.48,36.33 1 10
github.com/anatolykoptev/go-media/extractor.go:36.33,37.19 1 9
github.com/anatolykoptev/go-media/extractor.go:37.19,39.4 1 7
github.com/anatolykoptev/go-media/extractor.go:41.2,41.12 1 3
github.com/anatolykoptev/go-media/extractor.go:45.77,47.14 2 8
github.com/anatolykoptev/go-media/extractor.go:47.14,49.3 1 2
github.com/anatolykoptev/go-media/extractor.go:50.2,50.28 1 6
github.com/anatolykoptev/go-media/extractor.go:54.41,56.33 2 2
github.com/anatolykoptev/go-media/extractor.go:56.33,58.3 1 4
github.com/anatolykoptev/go-media/extractor.go:59.2,59.14 1 2
github.com/anatolykoptev/go-media/options.go:13.30,14.21 1 4
github.com/anatolykoptev/go-media/options.go:14.21,16.3 1 4
github.com/anatolykoptev/go-media/options.go:17.2,17.26 1 4
github.com/anatolykoptev/go-media/options.go:17.26,19.3 1 0
github.com/anatolykoptev/go-media/options.go:26.49,27.28 1 7
github.com/anatolykoptev/go-media/options.go:27.28,29.3 1 7
github.com/anatolykoptev/go-media/options.go:33.53,34.28 1 0
github.com/anatolykoptev/go-media/options.go:34.28,36.3 1 0
github.com/anatolykoptev/go-media/options.go:40.52,41.28 1 3
github.com/anatolykoptev/go-media/options.go:41.28,43.3 1 3
github.com/anatolykoptev/go-media/processor.go:19.55,24.25 2 7
github.com/anatolykoptev/go-media/processor.go:24.25,26.3 1 10
github.com/anatolykoptev/go-media/processor.go:27.2,27.10 1 7
github.com/anatolykoptev/go-media/processor.go:31.78,33.2 1 2
github.com/anatolykoptev/go-media/processor.go:38.93,43.16 3 4
github.com/anatolykoptev/go-media/processor.go:43.16,45.3 1 0
github.com/anatolykoptev/go-media/processor.go:47.2,47.43 1 4
github.com/anatolykoptev/go-media/processor.go:47.43,49.3 1 1
github.com/anatolykoptev/go-media/processor.go:52.2,53.19 2 3
github.com/anatolykoptev/go-media/processor.go:53.19,55.3 1 0
github.com/anatolykoptev/go-media/processor.go:56.2,56.58 1 3
github.com/anatolykoptev/go-media/processor.go:56.58,58.3 1 0
github.com/anatolykoptev/go-media/processor.go:60.2,62.23 2 3
github.com/anatolykoptev/go-media/processor.go:62.23,65.3 1 0
github.com/anatolykoptev/go-media/processor.go:65.8,68.94 2 3
github.com/anatolykoptev/go-media/processor.go:68.94,70.4 1 1
github.com/anatolykoptev/go-media/processor.go:73.3,73.23 1 2
github.com/anatolykoptev/go-media/processor.go:73.23,75.18 2 0
github.com/anatolykoptev/go-media/processor.go:75.18,77.5 1 0
github.com/anatolykoptev/go-media/processor.go:82.2,83.26 2 2
github.com/anatolykoptev/go-media/processor.go:83.26,85.17 2 0
github.com/anatolykoptev/go-media/processor.go:85.17,92.4 1 0
github.com/anatolykoptev/go-media/processor.go:96.2,97.80 2 2
github.com/anatolykoptev/go-media/processor.go:97.80,100.3 1 0
github.com/anatolykoptev/go-media/processor.go:102.2,107.8 1 2
github.com/anatolykoptev/go-media/processor.go:111.42,113.2 1 1
github.com/anatolykoptev/go-media/processor.go:116.111,118.86 2 0
github.com/anatolykoptev/go-media/processor.go:118.86,120.3 1 0
github.com/anatolykoptev/go-media/processor.go:121.2,124.79 3 0
github.com/anatolykoptev/go-media/processor.go:124.79,126.3 1 0
github.com/anatolykoptev/go-media/processor.go:129.2,130.57 2 0
github.com/anatolykoptev/go-media/processor.go:130.57,132.3 1 0
github.com/anatolykoptev/go-media/processor.go:133.2,133.23 1 0
github.com/anatolykoptev/go-media/processor.go:137.42,139.24 2 3
github.com/anatolykoptev/go-media/processor.go:139.24,141.3 1 69
github.com/anatolykoptev/go-media/processor.go:142.2,142.31 1 3
